Express started on port 8080
Express started on port 8080
Express started on port 8080
/Users/eunheui/dev/web/devoranges/node_modules/mongoose/lib/connection.js:825
  const serverSelectionError = new ServerSelectionError();
                               ^

MongooseServerSelectionError: connect ECONNREFUSED 127.0.0.1:27017
    at Connection.openUri (/Users/eunheui/dev/web/devoranges/node_modules/mongoose/lib/connection.js:825:32)
    at /Users/eunheui/dev/web/devoranges/node_modules/mongoose/lib/index.js:414:10
    at /Users/eunheui/dev/web/devoranges/node_modules/mongoose/lib/helpers/promiseOrCallback.js:41:5
    at new Promise (<anonymous>)
    at promiseOrCallback (/Users/eunheui/dev/web/devoranges/node_modules/mongoose/lib/helpers/promiseOrCallback.js:40:10)
    at Mongoose._promiseOrCallback (/Users/eunheui/dev/web/devoranges/node_modules/mongoose/lib/index.js:1288:10)
    at Mongoose.connect (/Users/eunheui/dev/web/devoranges/node_modules/mongoose/lib/index.js:413:20)
    at Object.<anonymous> (/Users/eunheui/dev/web/devoranges/index.js:25:10)
    at Module._compile (node:internal/modules/cjs/loader:1241:14)
    at Module._extensions..js (node:internal/modules/cjs/loader:1295:10) {
  reason: TopologyDescription {
    type: 'Unknown',
    servers: Map(1) {
      '127.0.0.1:27017' => ServerDescription {
        address: '127.0.0.1:27017',
        type: 'Unknown',
        hosts: [],
        passives: [],
        arbiters: [],
        tags: {},
        minWireVersion: 0,
        maxWireVersion: 0,
        roundTripTime: -1,
        lastUpdateTime: 287980776,
        lastWriteDate: 0,
        error: MongoNetworkError: connect ECONNREFUSED 127.0.0.1:27017
            at connectionFailureError (/Users/eunheui/dev/web/devoranges/node_modules/mongodb/lib/cmap/connect.js:387:20)
            at Socket.<anonymous> (/Users/eunheui/dev/web/devoranges/node_modules/mongodb/lib/cmap/connect.js:310:22)
            at Object.onceWrapper (node:events:629:26)
            at Socket.emit (node:events:514:28)
            at emitErrorNT (node:internal/streams/destroy:151:8)
            at emitErrorCloseNT (node:internal/streams/destroy:116:3)
            at process.processTicksAndRejections (node:internal/process/task_queues:82:21) {
          cause: Error: connect ECONNREFUSED 127.0.0.1:27017
              at TCPConnectWrap.afterConnect [as oncomplete] (node:net:1595:16) {
            errno: -61,
            code: 'ECONNREFUSED',
            syscall: 'connect',
            address: '127.0.0.1',
            port: 27017
          },
          [Symbol(errorLabels)]: Set(1) { 'ResetPool' }
        },
        topologyVersion: null,
        setName: null,
        setVersion: null,
        electionId: null,
        logicalSessionTimeoutMinutes: null,
        primary: null,
        me: null,
        '$clusterTime': null
      }
    },
    stale: false,
    compatible: true,
    heartbeatFrequencyMS: 10000,
    localThresholdMS: 15,
    setName: null,
    maxElectionId: null,
    maxSetVersion: null,
    commonWireVersion: 0,
    logicalSessionTimeoutMinutes: null
  },
  code: undefined
}

Node.js v20.8.1
Express started on port 8080
/Users/eunheui/dev/web/devoranges/node_modules/mongoose/lib/connection.js:825
  const serverSelectionError = new ServerSelectionError();
                               ^

MongooseServerSelectionError: connect ECONNREFUSED 127.0.0.1:27017
    at Connection.openUri (/Users/eunheui/dev/web/devoranges/node_modules/mongoose/lib/connection.js:825:32)
    at /Users/eunheui/dev/web/devoranges/node_modules/mongoose/lib/index.js:414:10
    at /Users/eunheui/dev/web/devoranges/node_modules/mongoose/lib/helpers/promiseOrCallback.js:41:5
    at new Promise (<anonymous>)
    at promiseOrCallback (/Users/eunheui/dev/web/devoranges/node_modules/mongoose/lib/helpers/promiseOrCallback.js:40:10)
    at Mongoose._promiseOrCallback (/Users/eunheui/dev/web/devoranges/node_modules/mongoose/lib/index.js:1288:10)
    at Mongoose.connect (/Users/eunheui/dev/web/devoranges/node_modules/mongoose/lib/index.js:413:20)
    at Object.<anonymous> (/Users/eunheui/dev/web/devoranges/index.js:25:10)
    at Module._compile (node:internal/modules/cjs/loader:1241:14)
    at Module._extensions..js (node:internal/modules/cjs/loader:1295:10) {
  reason: TopologyDescription {
    type: 'Unknown',
    servers: Map(1) {
      '127.0.0.1:27017' => ServerDescription {
        address: '127.0.0.1:27017',
        type: 'Unknown',
        hosts: [],
        passives: [],
        arbiters: [],
        tags: {},
        minWireVersion: 0,
        maxWireVersion: 0,
        roundTripTime: -1,
        lastUpdateTime: 288045129,
        lastWriteDate: 0,
        error: MongoNetworkError: connect ECONNREFUSED 127.0.0.1:27017
            at connectionFailureError (/Users/eunheui/dev/web/devoranges/node_modules/mongodb/lib/cmap/connect.js:387:20)
            at Socket.<anonymous> (/Users/eunheui/dev/web/devoranges/node_modules/mongodb/lib/cmap/connect.js:310:22)
            at Object.onceWrapper (node:events:629:26)
            at Socket.emit (node:events:514:28)
            at emitErrorNT (node:internal/streams/destroy:151:8)
            at emitErrorCloseNT (node:internal/streams/destroy:116:3)
            at process.processTicksAndRejections (node:internal/process/task_queues:82:21) {
          cause: Error: connect ECONNREFUSED 127.0.0.1:27017
              at TCPConnectWrap.afterConnect [as oncomplete] (node:net:1595:16) {
            errno: -61,
            code: 'ECONNREFUSED',
            syscall: 'connect',
            address: '127.0.0.1',
            port: 27017
          },
          [Symbol(errorLabels)]: Set(1) { 'ResetPool' }
        },
        topologyVersion: null,
        setName: null,
        setVersion: null,
        electionId: null,
        logicalSessionTimeoutMinutes: null,
        primary: null,
        me: null,
        '$clusterTime': null
      }
    },
    stale: false,
    compatible: true,
    heartbeatFrequencyMS: 10000,
    localThresholdMS: 15,
    setName: null,
    maxElectionId: null,
    maxSetVersion: null,
    commonWireVersion: 0,
    logicalSessionTimeoutMinutes: null
  },
  code: undefined
}

Node.js v20.8.1
Express started on port 8080
/Users/eunheui/dev/web/devoranges/node_modules/mongoose/lib/connection.js:825
  const serverSelectionError = new ServerSelectionError();
                               ^

MongooseServerSelectionError: connect ECONNREFUSED 127.0.0.1:27017
    at Connection.openUri (/Users/eunheui/dev/web/devoranges/node_modules/mongoose/lib/connection.js:825:32)
    at /Users/eunheui/dev/web/devoranges/node_modules/mongoose/lib/index.js:414:10
    at /Users/eunheui/dev/web/devoranges/node_modules/mongoose/lib/helpers/promiseOrCallback.js:41:5
    at new Promise (<anonymous>)
    at promiseOrCallback (/Users/eunheui/dev/web/devoranges/node_modules/mongoose/lib/helpers/promiseOrCallback.js:40:10)
    at Mongoose._promiseOrCallback (/Users/eunheui/dev/web/devoranges/node_modules/mongoose/lib/index.js:1288:10)
    at Mongoose.connect (/Users/eunheui/dev/web/devoranges/node_modules/mongoose/lib/index.js:413:20)
    at Object.<anonymous> (/Users/eunheui/dev/web/devoranges/index.js:25:10)
    at Module._compile (node:internal/modules/cjs/loader:1241:14)
    at Module._extensions..js (node:internal/modules/cjs/loader:1295:10) {
  reason: TopologyDescription {
    type: 'Unknown',
    servers: Map(1) {
      '127.0.0.1:27017' => ServerDescription {
        address: '127.0.0.1:27017',
        type: 'Unknown',
        hosts: [],
        passives: [],
        arbiters: [],
        tags: {},
        minWireVersion: 0,
        maxWireVersion: 0,
        roundTripTime: -1,
        lastUpdateTime: 288080309,
        lastWriteDate: 0,
        error: MongoNetworkError: connect ECONNREFUSED 127.0.0.1:27017
            at connectionFailureError (/Users/eunheui/dev/web/devoranges/node_modules/mongodb/lib/cmap/connect.js:387:20)
            at Socket.<anonymous> (/Users/eunheui/dev/web/devoranges/node_modules/mongodb/lib/cmap/connect.js:310:22)
            at Object.onceWrapper (node:events:629:26)
            at Socket.emit (node:events:514:28)
            at emitErrorNT (node:internal/streams/destroy:151:8)
            at emitErrorCloseNT (node:internal/streams/destroy:116:3)
            at process.processTicksAndRejections (node:internal/process/task_queues:82:21) {
          cause: Error: connect ECONNREFUSED 127.0.0.1:27017
              at TCPConnectWrap.afterConnect [as oncomplete] (node:net:1595:16) {
            errno: -61,
            code: 'ECONNREFUSED',
            syscall: 'connect',
            address: '127.0.0.1',
            port: 27017
          },
          [Symbol(errorLabels)]: Set(1) { 'ResetPool' }
        },
        topologyVersion: null,
        setName: null,
        setVersion: null,
        electionId: null,
        logicalSessionTimeoutMinutes: null,
        primary: null,
        me: null,
        '$clusterTime': null
      }
    },
    stale: false,
    compatible: true,
    heartbeatFrequencyMS: 10000,
    localThresholdMS: 15,
    setName: null,
    maxElectionId: null,
    maxSetVersion: null,
    commonWireVersion: 0,
    logicalSessionTimeoutMinutes: null
  },
  code: undefined
}

Node.js v20.8.1
Express started on port 8080
/Users/eunheui/dev/web/devoranges/node_modules/mongoose/lib/connection.js:825
  const serverSelectionError = new ServerSelectionError();
                               ^

MongooseServerSelectionError: connect ECONNREFUSED 127.0.0.1:27017
    at Connection.openUri (/Users/eunheui/dev/web/devoranges/node_modules/mongoose/lib/connection.js:825:32)
    at /Users/eunheui/dev/web/devoranges/node_modules/mongoose/lib/index.js:414:10
    at /Users/eunheui/dev/web/devoranges/node_modules/mongoose/lib/helpers/promiseOrCallback.js:41:5
    at new Promise (<anonymous>)
    at promiseOrCallback (/Users/eunheui/dev/web/devoranges/node_modules/mongoose/lib/helpers/promiseOrCallback.js:40:10)
    at Mongoose._promiseOrCallback (/Users/eunheui/dev/web/devoranges/node_modules/mongoose/lib/index.js:1288:10)
    at Mongoose.connect (/Users/eunheui/dev/web/devoranges/node_modules/mongoose/lib/index.js:413:20)
    at Object.<anonymous> (/Users/eunheui/dev/web/devoranges/index.js:25:10)
    at Module._compile (node:internal/modules/cjs/loader:1241:14)
    at Module._extensions..js (node:internal/modules/cjs/loader:1295:10) {
  reason: TopologyDescription {
    type: 'Unknown',
    servers: Map(1) {
      '127.0.0.1:27017' => ServerDescription {
        address: '127.0.0.1:27017',
        type: 'Unknown',
        hosts: [],
        passives: [],
        arbiters: [],
        tags: {},
        minWireVersion: 0,
        maxWireVersion: 0,
        roundTripTime: -1,
        lastUpdateTime: 288119556,
        lastWriteDate: 0,
        error: MongoNetworkError: connect ECONNREFUSED 127.0.0.1:27017
            at connectionFailureError (/Users/eunheui/dev/web/devoranges/node_modules/mongodb/lib/cmap/connect.js:387:20)
            at Socket.<anonymous> (/Users/eunheui/dev/web/devoranges/node_modules/mongodb/lib/cmap/connect.js:310:22)
            at Object.onceWrapper (node:events:629:26)
            at Socket.emit (node:events:514:28)
            at emitErrorNT (node:internal/streams/destroy:151:8)
            at emitErrorCloseNT (node:internal/streams/destroy:116:3)
            at process.processTicksAndRejections (node:internal/process/task_queues:82:21) {
          cause: Error: connect ECONNREFUSED 127.0.0.1:27017
              at TCPConnectWrap.afterConnect [as oncomplete] (node:net:1595:16) {
            errno: -61,
            code: 'ECONNREFUSED',
            syscall: 'connect',
            address: '127.0.0.1',
            port: 27017
          },
          [Symbol(errorLabels)]: Set(1) { 'ResetPool' }
        },
        topologyVersion: null,
        setName: null,
        setVersion: null,
        electionId: null,
        logicalSessionTimeoutMinutes: null,
        primary: null,
        me: null,
        '$clusterTime': null
      }
    },
    stale: false,
    compatible: true,
    heartbeatFrequencyMS: 10000,
    localThresholdMS: 15,
    setName: null,
    maxElectionId: null,
    maxSetVersion: null,
    commonWireVersion: 0,
    logicalSessionTimeoutMinutes: null
  },
  code: undefined
}

Node.js v20.8.1
Express started on port 8080
/Users/eunheui/dev/web/devoranges/node_modules/mongoose/lib/connection.js:825
  const serverSelectionError = new ServerSelectionError();
                               ^

MongooseServerSelectionError: connect ECONNREFUSED 127.0.0.1:27017
    at Connection.openUri (/Users/eunheui/dev/web/devoranges/node_modules/mongoose/lib/connection.js:825:32)
    at /Users/eunheui/dev/web/devoranges/node_modules/mongoose/lib/index.js:414:10
    at /Users/eunheui/dev/web/devoranges/node_modules/mongoose/lib/helpers/promiseOrCallback.js:41:5
    at new Promise (<anonymous>)
    at promiseOrCallback (/Users/eunheui/dev/web/devoranges/node_modules/mongoose/lib/helpers/promiseOrCallback.js:40:10)
    at Mongoose._promiseOrCallback (/Users/eunheui/dev/web/devoranges/node_modules/mongoose/lib/index.js:1288:10)
    at Mongoose.connect (/Users/eunheui/dev/web/devoranges/node_modules/mongoose/lib/index.js:413:20)
    at Object.<anonymous> (/Users/eunheui/dev/web/devoranges/index.js:25:10)
    at Module._compile (node:internal/modules/cjs/loader:1241:14)
    at Module._extensions..js (node:internal/modules/cjs/loader:1295:10) {
  reason: TopologyDescription {
    type: 'Unknown',
    servers: Map(1) {
      '127.0.0.1:27017' => ServerDescription {
        address: '127.0.0.1:27017',
        type: 'Unknown',
        hosts: [],
        passives: [],
        arbiters: [],
        tags: {},
        minWireVersion: 0,
        maxWireVersion: 0,
        roundTripTime: -1,
        lastUpdateTime: 288271035,
        lastWriteDate: 0,
        error: MongoNetworkError: connect ECONNREFUSED 127.0.0.1:27017
            at connectionFailureError (/Users/eunheui/dev/web/devoranges/node_modules/mongodb/lib/cmap/connect.js:387:20)
            at Socket.<anonymous> (/Users/eunheui/dev/web/devoranges/node_modules/mongodb/lib/cmap/connect.js:310:22)
            at Object.onceWrapper (node:events:629:26)
            at Socket.emit (node:events:514:28)
            at emitErrorNT (node:internal/streams/destroy:151:8)
            at emitErrorCloseNT (node:internal/streams/destroy:116:3)
            at process.processTicksAndRejections (node:internal/process/task_queues:82:21) {
          cause: Error: connect ECONNREFUSED 127.0.0.1:27017
              at TCPConnectWrap.afterConnect [as oncomplete] (node:net:1595:16) {
            errno: -61,
            code: 'ECONNREFUSED',
            syscall: 'connect',
            address: '127.0.0.1',
            port: 27017
          },
          [Symbol(errorLabels)]: Set(1) { 'ResetPool' }
        },
        topologyVersion: null,
        setName: null,
        setVersion: null,
        electionId: null,
        logicalSessionTimeoutMinutes: null,
        primary: null,
        me: null,
        '$clusterTime': null
      }
    },
    stale: false,
    compatible: true,
    heartbeatFrequencyMS: 10000,
    localThresholdMS: 15,
    setName: null,
    maxElectionId: null,
    maxSetVersion: null,
    commonWireVersion: 0,
    logicalSessionTimeoutMinutes: null
  },
  code: undefined
}

Node.js v20.8.1
